<?xml version="1.0" encoding="UTF-8"?>
<testsuite name="org.example.service.TodoServiceTest" tests="1" skipped="0" failures="0" errors="0" timestamp="2022-12-18T13:21:24" hostname="anjaehyuns-MacBook-Air.local" time="0.669">
  <properties/>
  <testcase name="add()" classname="org.example.service.TodoServiceTest" time="0.669"/>
  <system-out><![CDATA[]]></system-out>
  <system-err><![CDATA[]]></system-err>
</testsuite>
